# Server version 0.08 running on 192.168.2.17:8123
# Game ID: 95
# Board class: hus.HusBoard
# Timeout: 2000
# First Move Timeout: 30000
# Date: Sun Apr 03 03:04:22 EDT 2016
# Player 1: Player-0, 'RandomHusPlayer', running on 192.168.2.17
# Player 2: Player-1, '260520591', running on 192.168.2.17
START Player-0 RandomHusPlayer
START Player-1 260520591
PIT 0 5
PIT 1 2
PIT 0 20
PIT 1 6
PIT 0 8
PIT 1 5
PIT 0 14
PIT 1 11
PIT 0 15
PIT 1 14
PIT 0 19
PIT 1 17
PIT 0 2
PIT 1 26
PIT 0 29
PIT 1 31
PIT 0 30
PIT 1 30
GAMEOVER WINNER 1
# Game ended: Sun Apr 03 03:04:22 EDT 2016
