# Server version 0.08 running on 192.168.5.2:8123
# Game ID: 82
# Board class: hus.HusBoard
# Timeout: 2000
# First Move Timeout: 30000
# Date: Fri Apr 01 04:01:46 EDT 2016
# Player 1: Player-0, '260520591', running on 192.168.5.2
# Player 2: Player-1, 'RandomHusPlayer', running on 192.168.5.2
START Player-0 260520591
START Player-1 RandomHusPlayer
PIT 0 0
PIT 1 3
PIT 0 9
PIT 1 10
PIT 0 13
PIT 1 22
PIT 0 10
PIT 1 1
PIT 0 16
PIT 1 6
PIT 0 25
PIT 1 4
PIT 0 28
PIT 1 19
PIT 0 5
PIT 1 16
PIT 0 31
PIT 1 28
PIT 0 10
PIT 1 27
PIT 0 6
PIT 1 15
PIT 0 0
PIT 1 2
PIT 0 15
PIT 1 23
PIT 0 8
PIT 1 30
PIT 0 16
PIT 1 13
PIT 0 18
PIT 1 27
PIT 0 21
PIT 1 1
PIT 0 20
PIT 1 18
PIT 0 11
PIT 1 19
PIT 0 25
PIT 1 22
PIT 0 21
PIT 1 14
PIT 0 29
PIT 1 21
PIT 0 20
PIT 1 20
PIT 0 31
GAMEOVER WINNER 0
# Game ended: Fri Apr 01 04:01:47 EDT 2016
