# Server version 0.08 running on 192.168.2.17:8123
# Game ID: 91
# Board class: hus.HusBoard
# Timeout: 2000
# First Move Timeout: 30000
# Date: Sun Apr 03 03:02:11 EDT 2016
# Player 1: Player-0, 'RandomHusPlayer', running on 192.168.2.17
# Player 2: Player-1, '260520591', running on 192.168.2.17
START Player-0 RandomHusPlayer
START Player-1 260520591
PIT 0 1
PIT 1 13
PIT 0 11
PIT 1 11
PIT 0 17
PIT 1 4
PIT 0 2
PIT 1 10
PIT 0 22
PIT 1 15
PIT 0 4
PIT 1 21
PIT 0 18
PIT 1 24
PIT 0 16
PIT 1 26
PIT 0 20
PIT 1 27
PIT 0 0
PIT 1 31
PIT 0 23
PIT 1 21
PIT 0 24
PIT 1 20
PIT 0 27
PIT 1 30
PIT 0 28
PIT 1 31
PIT 0 29
PIT 1 26
GAMEOVER WINNER 1
# Game ended: Sun Apr 03 03:02:12 EDT 2016
