# Server version 0.08 running on 192.168.5.2:8123
# Game ID: 83
# Board class: hus.HusBoard
# Timeout: 2000
# First Move Timeout: 30000
# Date: Fri Apr 01 04:05:32 EDT 2016
# Player 1: Player-0, 'RandomHusPlayer', running on 192.168.5.2
# Player 2: Player-1, '260520591', running on 192.168.5.2
START Player-0 RandomHusPlayer
START Player-1 260520591
PIT 0 22
PIT 1 16
PIT 0 19
PIT 1 12
PIT 0 18
PIT 1 5
PIT 0 26
PIT 1 2
PIT 0 22
PIT 1 1
PIT 0 31
PIT 1 0
PIT 0 28
PIT 1 5
PIT 0 29
PIT 1 12
PIT 0 31
PIT 1 13
PIT 0 25
PIT 1 7
PIT 0 23
PIT 1 9
PIT 0 26
PIT 1 11
PIT 0 31
GAMEOVER WINNER 0
# Game ended: Fri Apr 01 04:05:35 EDT 2016
