# Server version 0.08 running on 192.168.2.17:8123
# Game ID: 92
# Board class: hus.HusBoard
# Timeout: 2000
# First Move Timeout: 30000
# Date: Sun Apr 03 03:02:41 EDT 2016
# Player 1: Player-0, 'RandomHusPlayer', running on 192.168.2.17
# Player 2: Player-1, '260520591', running on 192.168.2.17
START Player-0 RandomHusPlayer
START Player-1 260520591
PIT 0 12
PIT 1 23
PIT 0 5
PIT 1 22
PIT 0 0
PIT 1 0
PIT 0 6
PIT 1 23
PIT 0 8
PIT 1 12
PIT 0 4
PIT 1 3
PIT 0 19
PIT 1 11
PIT 0 24
PIT 1 27
PIT 0 14
PIT 1 31
PIT 0 1
PIT 1 30
GAMEOVER WINNER 1
# Game ended: Sun Apr 03 03:02:41 EDT 2016
