# Server version 0.08 running on 192.168.2.17:8123
# Game ID: 97
# Board class: hus.HusBoard
# Timeout: 2000
# First Move Timeout: 30000
# Date: Sun Apr 03 03:04:45 EDT 2016
# Player 1: Player-0, 'RandomHusPlayer', running on 192.168.2.17
# Player 2: Player-1, '260520591', running on 192.168.2.17
START Player-0 RandomHusPlayer
START Player-1 260520591
PIT 0 8
PIT 1 15
PIT 0 14
PIT 1 9
PIT 0 4
PIT 1 4
PIT 0 25
PIT 1 0
PIT 0 1
PIT 1 21
PIT 0 26
PIT 1 9
PIT 0 7
PIT 1 19
PIT 0 21
PIT 1 29
PIT 0 13
PIT 1 25
PIT 0 18
PIT 1 10
PIT 0 23
PIT 1 5
PIT 0 2
PIT 1 26
PIT 0 0
PIT 1 31
GAMEOVER WINNER 1
# Game ended: Sun Apr 03 03:04:46 EDT 2016
