# Server version 0.08 running on 192.168.5.2:8123
# Game ID: 99
# Board class: hus.HusBoard
# Timeout: 2000
# First Move Timeout: 30000
# Date: Sun Apr 03 15:18:21 EDT 2016
# Player 1: Player-0, 'RandomHusPlayer', running on 192.168.5.2
# Player 2: Player-1, '260520591', running on 192.168.5.2
START Player-0 RandomHusPlayer
START Player-1 260520591
PIT 0 23
PIT 1 14
PIT 0 11
PIT 1 9
PIT 0 24
PIT 1 17
PIT 0 21
PIT 1 18
PIT 0 5
PIT 1 24
PIT 0 18
PIT 1 20
PIT 0 23
PIT 1 12
PIT 0 10
PIT 1 29
PIT 0 1
PIT 1 14
PIT 0 13
PIT 1 29
PIT 0 14
PIT 1 30
PIT 0 15
PIT 1 31
PIT 0 16
PIT 1 28
PIT 0 17
PIT 1 31
PIT 0 18
PIT 1 25
PIT 0 19
PIT 1 31
PIT 0 20
PIT 1 31
PIT 0 21
PIT 1 30
PIT 0 22
PIT 1 29
PIT 0 23
PIT 1 31
PIT 0 24
PIT 1 27
PIT 0 25
PIT 1 30
GAMEOVER WINNER 1
# Game ended: Sun Apr 03 15:18:22 EDT 2016
