# Server version 0.08 running on 142.157.52.32:8123
# Game ID: 113
# Board class: hus.HusBoard
# Timeout: 2000
# First Move Timeout: 30000
# Date: Tue Apr 05 19:17:20 EDT 2016
# Player 1: Player-0, '260520591', running on 142.157.52.32
# Player 2: Player-1, 'Human', running on 142.157.52.32
START Player-0 260520591
START Player-1 Human
PIT 0 23
PIT 1 21
PIT 0 15
PIT 1 20
PIT 0 16
PIT 1 22
PIT 0 3
PIT 1 23
PIT 0 17
PIT 1 24
PIT 0 13
PIT 1 27
PIT 0 7
PIT 1 29
PIT 0 28
PIT 1 2
PIT 0 9
PIT 1 4
PIT 0 31
PIT 1 8
PIT 0 10
PIT 1 9
PIT 0 13
PIT 1 10
PIT 0 11
PIT 1 12
PIT 0 4
PIT 1 14
PIT 0 22
PIT 1 11
PIT 0 27
PIT 1 5
PIT 0 31
PIT 1 15
PIT 0 11
PIT 1 6
PIT 0 25
PIT 1 7
PIT 0 31
GAMEOVER WINNER 0
# Game ended: Tue Apr 05 19:19:48 EDT 2016
